mode: atomic
github.com/get-woke/woke/pkg/config/remote.go:10.37,12.16 2 16
github.com/get-woke/woke/pkg/config/remote.go:16.2,17.50 2 4
github.com/get-woke/woke/pkg/config/remote.go:20.2,21.13 2 3
github.com/get-woke/woke/pkg/config/remote.go:12.16,14.3 1 12
github.com/get-woke/woke/pkg/config/remote.go:17.50,19.3 1 1
github.com/get-woke/woke/pkg/config/config.go:29.50,31.23 2 12
github.com/get-woke/woke/pkg/config/config.go:53.2,56.16 3 10
github.com/get-woke/woke/pkg/config/config.go:31.23,34.27 2 11
github.com/get-woke/woke/pkg/config/config.go:40.3,40.17 1 11
github.com/get-woke/woke/pkg/config/config.go:44.3,48.60 3 9
github.com/get-woke/woke/pkg/config/config.go:34.27,36.4 1 2
github.com/get-woke/woke/pkg/config/config.go:36.9,38.4 1 9
github.com/get-woke/woke/pkg/config/config.go:40.17,42.4 1 2
github.com/get-woke/woke/pkg/config/config.go:49.8,51.3 1 1
github.com/get-woke/woke/pkg/config/config.go:61.49,62.33 1 5
github.com/get-woke/woke/pkg/config/config.go:65.2,65.30 1 2
github.com/get-woke/woke/pkg/config/config.go:62.33,64.3 1 3
github.com/get-woke/woke/pkg/config/config.go:68.53,69.28 1 143
github.com/get-woke/woke/pkg/config/config.go:74.2,74.14 1 138
github.com/get-woke/woke/pkg/config/config.go:69.28,70.23 1 951
github.com/get-woke/woke/pkg/config/config.go:70.23,72.4 1 5
github.com/get-woke/woke/pkg/config/config.go:81.35,82.38 1 13
github.com/get-woke/woke/pkg/config/config.go:88.2,92.28 3 13
github.com/get-woke/woke/pkg/config/config.go:106.2,106.34 1 13
github.com/get-woke/woke/pkg/config/config.go:109.2,109.39 1 13
github.com/get-woke/woke/pkg/config/config.go:82.38,83.28 1 143
github.com/get-woke/woke/pkg/config/config.go:83.28,85.4 1 138
github.com/get-woke/woke/pkg/config/config.go:92.28,93.42 1 164
github.com/get-woke/woke/pkg/config/config.go:101.3,102.34 2 161
github.com/get-woke/woke/pkg/config/config.go:93.42,95.30 1 77
github.com/get-woke/woke/pkg/config/config.go:95.30,97.22 2 3
github.com/get-woke/woke/pkg/config/config.go:106.34,108.3 1 4
github.com/get-woke/woke/pkg/config/config.go:109.39,116.3 3 3
github.com/get-woke/woke/pkg/config/config.go:120.36,121.32 1 4
github.com/get-woke/woke/pkg/config/config.go:124.2,124.49 1 4
github.com/get-woke/woke/pkg/config/config.go:121.32,123.3 1 0
github.com/get-woke/woke/pkg/config/config.go:127.56,130.16 3 10
github.com/get-woke/woke/pkg/config/config.go:133.2,133.40 1 9
github.com/get-woke/woke/pkg/config/config.go:130.16,132.3 1 1
github.com/get-woke/woke/pkg/config/config.go:137.57,142.16 5 4
github.com/get-woke/woke/pkg/config/config.go:145.2,146.16 2 4
github.com/get-woke/woke/pkg/config/config.go:149.2,150.16 2 4
github.com/get-woke/woke/pkg/config/config.go:153.2,157.15 3 4
github.com/get-woke/woke/pkg/config/config.go:161.2,162.36 2 2
github.com/get-woke/woke/pkg/config/config.go:142.16,144.3 1 0
github.com/get-woke/woke/pkg/config/config.go:146.16,148.3 1 0
github.com/get-woke/woke/pkg/config/config.go:150.16,152.3 1 0
github.com/get-woke/woke/pkg/config/config.go:157.15,159.3 1 2
github.com/get-woke/woke/pkg/config/config.go:165.39,168.30 1 12
github.com/get-woke/woke/pkg/config/config.go:174.2,174.17 1 11
github.com/get-woke/woke/pkg/config/config.go:168.30,170.66 2 1
github.com/get-woke/woke/pkg/config/config.go:170.66,172.4 1 1
github.com/get-woke/woke/pkg/config/config.go:178.50,179.49 1 32
github.com/get-woke/woke/pkg/config/config.go:179.49,181.24 2 32
github.com/get-woke/woke/pkg/config/config.go:184.3,184.77 1 32
github.com/get-woke/woke/pkg/config/config.go:181.24,183.4 1 286
